TN:
SF:src/Election.sol
DA:18,8
FN:18,Election.validCandidate
FNDA:8,Election.validCandidate
DA:19,8
BRDA:19,0,0,-
BRDA:19,0,1,3
DA:23,7
FN:23,Election.notOwner
FNDA:7,Election.notOwner
DA:24,7
BRDA:24,1,0,1
BRDA:24,1,1,6
DA:28,13
FN:28,Election.constructor
FNDA:13,Election.constructor
DA:29,13
BRDA:29,2,0,1
BRDA:29,2,1,12
DA:30,12
DA:33,8
FN:33,Election.vote
FNDA:8,Election.vote
DA:34,6
BRDA:34,3,0,1
BRDA:34,3,1,5
DA:35,5
BRDA:35,4,0,1
BRDA:35,4,1,4
DA:36,4
BRDA:36,5,0,1
BRDA:36,5,1,3
DA:38,3
DA:39,3
DA:41,3
BRDA:41,6,0,3
DA:42,3
DA:43,3
DA:47,3
FN:47,Election.getElectionWinner
FNDA:3,Election.getElectionWinner
DA:48,3
BRDA:48,7,0,1
BRDA:48,7,1,2
DA:49,2
BRDA:49,8,0,1
BRDA:49,8,1,1
DA:51,1
DA:52,1
DA:55,5
FN:55,Election.toggleVote
FNDA:5,Election.toggleVote
DA:56,5
DA:59,8
FN:59,Election.setElectionTime
FNDA:8,Election.setElectionTime
DA:60,8
FNF:7
FNH:7
LF:25
LH:25
BRF:17
BRH:16
end_of_record
TN:
SF:src/NFT.sol
DA:13,0
FN:13,NFT.constructor
FNDA:0,NFT.constructor
DA:17,0
DA:20,0
FN:20,NFT._baseURI
FNDA:0,NFT._baseURI
DA:21,0
DA:24,0
FN:24,NFT.safeMint
FNDA:0,NFT.safeMint
DA:25,0
BRDA:25,0,0,-
BRDA:25,0,1,-
DA:26,0
BRDA:26,1,0,-
BRDA:26,1,1,-
DA:28,0
DA:29,0
DA:32,0
FN:32,NFT.buy
FNDA:0,NFT.buy
DA:33,0
BRDA:33,2,0,-
BRDA:33,2,1,-
DA:34,0
BRDA:34,3,0,-
BRDA:34,3,1,-
DA:36,0
DA:37,0
DA:40,0
FN:40,NFT.withdraw
FNDA:0,NFT.withdraw
DA:41,0
DA:42,0
BRDA:42,4,0,-
BRDA:42,4,1,-
DA:43,0
FNF:5
FNH:0
LF:18
LH:0
BRF:10
BRH:0
end_of_record
TN:
SF:src/Store.sol
DA:32,0
FN:32,Store.buy
FNDA:0,Store.buy
DA:33,0
BRDA:33,0,0,-
BRDA:33,0,1,-
DA:34,0
BRDA:34,1,0,-
BRDA:34,1,1,-
DA:36,0
DA:37,0
BRDA:37,2,0,-
BRDA:37,2,1,-
DA:40,0
DA:42,0
BRDA:42,3,0,-
DA:43,0
DA:47,0
FN:47,Store.batchBuy
FNDA:0,Store.batchBuy
DA:48,0
BRDA:48,4,0,-
BRDA:48,4,1,-
DA:50,0
DA:52,0
DA:53,0
DA:54,0
DA:56,0
BRDA:56,5,0,-
BRDA:56,5,1,-
DA:57,0
BRDA:57,6,0,-
BRDA:57,6,1,-
DA:59,0
DA:62,0
BRDA:62,7,0,-
BRDA:62,7,1,-
DA:64,0
DA:65,0
DA:66,0
DA:68,0
DA:71,0
BRDA:71,8,0,-
DA:72,0
DA:76,0
FN:76,Store._buyProcess
FNDA:0,Store._buyProcess
DA:77,0
DA:78,0
DA:80,0
DA:81,0
DA:83,0
DA:86,0
FN:86,Store.withdraw
FNDA:0,Store.withdraw
DA:87,0
DA:88,0
BRDA:88,9,0,-
BRDA:88,9,1,-
DA:90,0
DA:93,0
FN:93,Store.addProduct
FNDA:0,Store.addProduct
DA:94,0
BRDA:94,10,0,-
BRDA:94,10,1,-
DA:95,0
DA:98,0
FN:98,Store.deleteProduct
FNDA:0,Store.deleteProduct
DA:99,0
DA:100,0
BRDA:100,11,0,-
BRDA:100,11,1,-
DA:102,0
DA:103,0
DA:106,0
FN:106,Store.updatePrice
FNDA:0,Store.updatePrice
DA:107,0
DA:108,0
DA:111,0
FN:111,Store.updateStock
FNDA:0,Store.updateStock
DA:112,0
DA:113,0
DA:116,0
FN:116,Store.getProducts
FNDA:0,Store.getProducts
DA:117,0
DA:120,0
FN:120,Store.getPrice
FNDA:0,Store.getPrice
DA:121,0
DA:122,0
DA:125,0
FN:125,Store.getStock
FNDA:0,Store.getStock
DA:126,0
DA:127,0
DA:131,0
FN:131,Store.findProduct
FNDA:0,Store.findProduct
DA:132,0
DA:133,0
BRDA:133,12,0,-
DA:134,0
DA:137,0
DA:140,0
FN:140,Store.isIdExist
FNDA:0,Store.isIdExist
DA:141,0
DA:142,0
BRDA:142,13,0,-
DA:143,0
DA:146,0
DA:149,0
FN:149,Store.findIndexById
FNDA:0,Store.findIndexById
DA:150,0
DA:151,0
BRDA:151,14,0,-
DA:152,0
DA:155,0
FNF:14
FNH:0
LF:71
LH:0
BRF:25
BRH:0
end_of_record
